Installer version 3.2.0 (mac)
Using Locale: fr_FR
L'URL de téléchargement du SDK à été récupérée à partir du CGI.
SDK version Apache Flex SDK 4.16.1
AIR version 27.0
Flash Player version 27.0
Creation du dossier racine d'Apache Flex
Création du répertoire temporaire
Téléchargement d'Apache Flex SDK à partir de: http://www-us.apache.org/dist/flex/4.16.1/binaries/apache-flex-sdk-4.16.1-bin.tar.gz
Vérification de la signature Apache Flex SDK MD5
La Signature MD5 des fichiers téléchargés pour le SDK Apache Flex correspond à la référence. Le fichier est valide.
Décompression: /_SDKS/Flex/4.16.1_AIR27/temp/apache-flex-sdk-4.16.1-bin.tar.gz
Décompression terminée:/_SDKS/Flex/4.16.1_AIR27/temp/apache-flex-sdk-4.16.1-bin.tar.gz
Téléchargement d'Adobe AIR Runtime Kit pour Mac à partir de: http://airdownload.adobe.com/air/mac/download/27.0//AdobeAIRSDK.dmg
Validating download: /_SDKS/Flex/4.16.1_AIR27/in/AdobeAIRSDK.dmg
Should unzip: ${shouldUnzip}
Mounting dmg
IS WINDOWS: ${isWindows}, IS MAC: mac
Copying AIR SDK from mounted volume
Unmounting AIR SDK
Copie en cours des fichiers de /_SDKS/Flex/4.16.1_AIR27/in/airsdk/frameworks/libs/air vers /_SDKS/Flex/4.16.1_AIR27/frameworks/libs
Copie en cours des fichiers de /_SDKS/Flex/4.16.1_AIR27/in/airsdk/frameworks/projects/air vers /_SDKS/Flex/4.16.1_AIR27/frameworks/projects
Copie en cours des fichiers de /_SDKS/Flex/4.16.1_AIR27/in/airsdk/include vers /_SDKS/Flex/4.16.1_AIR27
Copie en cours des fichiers de /_SDKS/Flex/4.16.1_AIR27/in/airsdk/lib/android vers /_SDKS/Flex/4.16.1_AIR27/lib
Copie en cours des fichiers de /_SDKS/Flex/4.16.1_AIR27/in/airsdk/lib/aot vers /_SDKS/Flex/4.16.1_AIR27/lib
Copie en cours des fichiers de /_SDKS/Flex/4.16.1_AIR27/in/airsdk/lib/nai vers /_SDKS/Flex/4.16.1_AIR27/lib
Copie en cours des fichiers de /_SDKS/Flex/4.16.1_AIR27/in/airsdk/runtimes vers /_SDKS/Flex/4.16.1_AIR27
Copie en cours des fichiers de /_SDKS/Flex/4.16.1_AIR27/in/airsdk/samples/badge vers /_SDKS/Flex/4.16.1_AIR27/samples
Copie en cours des fichiers de /_SDKS/Flex/4.16.1_AIR27/in/airsdk/samples/icons vers /_SDKS/Flex/4.16.1_AIR27/samples
Copie en cours des fichiers de /_SDKS/Flex/4.16.1_AIR27/in/airsdk/templates/air vers /_SDKS/Flex/4.16.1_AIR27/templates
Copie en cours des fichiers de /_SDKS/Flex/4.16.1_AIR27/in/airsdk/templates/extensions vers /_SDKS/Flex/4.16.1_AIR27/templates
Copie en cours des fichiers de /_SDKS/Flex/4.16.1_AIR27/in/airsdk/templates/sdk vers /_SDKS/Flex/4.16.1_AIR27/templates
Installation d'Adobe Flash Player playerglobal.swc à partir de: http://fpdownload.macromedia.com/get/flashplayer/updaters/27//playerglobal27_0.swc
Validating download: /_SDKS/Flex/4.16.1_AIR27/frameworks/libs/player/27.0/playerglobal.swc
Téléchargement 2.2.zip de: https://github.com/swfobject/swfobject/archive
Validating download: /_SDKS/Flex/4.16.1_AIR27/in/swfobject_2_2.zip
Téléchargement terminé
Téléchargement OSMF2_0.swc?format=raw de: http://sourceforge.net/adobe/flexsdk/code/HEAD/tree/trunk/frameworks/libs
Validating download: /_SDKS/Flex/4.16.1_AIR27/frameworks/libs/osmf.swc
Téléchargement afe.jar?format=raw de: http://sourceforge.net/adobe/flexsdk/code/HEAD/tree/trunk/lib
Validating download: /_SDKS/Flex/4.16.1_AIR27/lib/external/optional/afe.jar
Téléchargement aglj40.jar?format=raw de: http://sourceforge.net/adobe/flexsdk/code/HEAD/tree/trunk/lib
Validating download: /_SDKS/Flex/4.16.1_AIR27/lib/external/optional/aglj40.jar
Téléchargement flex-fontkit.jar?format=raw de: http://sourceforge.net/adobe/flexsdk/code/HEAD/tree/trunk/lib
Validating download: /_SDKS/Flex/4.16.1_AIR27/lib/external/optional/flex-fontkit.jar
Téléchargement rideau.jar?format=raw de: http://sourceforge.net/adobe/flexsdk/code/HEAD/tree/trunk/lib
Validating download: /_SDKS/Flex/4.16.1_AIR27/lib/external/optional/rideau.jar
Installation des fichiers de configuration du framework configurés pour être utilisés avec un IDE
Le répertoire /_SDKS/Flex/4.16.1_AIR27 est maintenant compatible avec un IDE Flex
Installation terminée
